# JRE version: Java(TM) SE Runtime Environment (8.0_271-b09) (build 1.8.0_271-b09)
# Java VM: Java HotSpot(TM) 64-Bit Server VM (25.271-b09 mixed mode windows-amd64 compressed oops)
Heap:
 PSYoungGen      total 72192K, used 6621K [0x00000000eb200000, 0x00000000f0300000, 0x0000000100000000)
  eden space 64512K, 0% used [0x00000000eb200000,0x00000000eb200000,0x00000000ef100000)
  from space 7680K, 86% used [0x00000000ef980000,0x00000000efff75b8,0x00000000f0100000)
  to   space 8704K, 0% used [0x00000000ef100000,0x00000000ef100000,0x00000000ef980000)
 ParOldGen       total 44032K, used 10348K [0x00000000c1600000, 0x00000000c4100000, 0x00000000eb200000)
  object space 44032K, 23% used [0x00000000c1600000,0x00000000c201b380,0x00000000c4100000)
 Metaspace       used 20680K, capacity 21066K, committed 21248K, reserved 1067008K
  class space    used 2522K, capacity 2700K, committed 2816K, reserved 1048576K
GC Heap History (10 events):
Event: 0.744 GC heap after
Heap after GC invocations=2 (full 0):
 PSYoungGen      total 18944K, used 2540K [0x00000000eb200000, 0x00000000ed700000, 0x0000000100000000)
  eden space 16384K, 0% used [0x00000000eb200000,0x00000000eb200000,0x00000000ec200000)
  from space 2560K, 99% used [0x00000000ec480000,0x00000000ec6fb300,0x00000000ec700000)
  to   space 2560K, 0% used [0x00000000ec200000,0x00000000ec200000,0x00000000ec480000)
 ParOldGen       total 44032K, used 1358K [0x00000000c1600000, 0x00000000c4100000, 0x00000000eb200000)
  object space 44032K, 3% used [0x00000000c1600000,0x00000000c17538d0,0x00000000c4100000)
 Metaspace       used 8164K, capacity 8308K, committed 8576K, reserved 1056768K
  class space    used 987K, capacity 1048K, committed 1152K, reserved 1048576K
}
Event: 0.924 GC heap before
{Heap before GC invocations=3 (full 0):
 PSYoungGen      total 18944K, used 18924K [0x00000000eb200000, 0x00000000ed700000, 0x0000000100000000)
  eden space 16384K, 100% used [0x00000000eb200000,0x00000000ec200000,0x00000000ec200000)
  from space 2560K, 99% used [0x00000000ec480000,0x00000000ec6fb300,0x00000000ec700000)
  to   space 2560K, 0% used [0x00000000ec200000,0x00000000ec200000,0x00000000ec480000)
 ParOldGen       total 44032K, used 1358K [0x00000000c1600000, 0x00000000c4100000, 0x00000000eb200000)
  object space 44032K, 3% used [0x00000000c1600000,0x00000000c17538d0,0x00000000c4100000)
 Metaspace       used 9634K, capacity 9778K, committed 9984K, reserved 1058816K
  class space    used 1157K, capacity 1214K, committed 1280K, reserved 1048576K
Event: 0.928 GC heap after
Heap after GC invocations=3 (full 0):
 PSYoungGen      total 18944K, used 2555K [0x00000000eb200000, 0x00000000ed700000, 0x0000000100000000)
  eden space 16384K, 0% used [0x00000000eb200000,0x00000000eb200000,0x00000000ec200000)
  from space 2560K, 99% used [0x00000000ec200000,0x00000000ec47eda0,0x00000000ec480000)
  to   space 2560K, 0% used [0x00000000ed480000,0x00000000ed480000,0x00000000ed700000)
 ParOldGen       total 44032K, used 3096K [0x00000000c1600000, 0x00000000c4100000, 0x00000000eb200000)
  object space 44032K, 7% used [0x00000000c1600000,0x00000000c1906108,0x00000000c4100000)
 Metaspace       used 9634K, capacity 9778K, committed 9984K, reserved 1058816K
  class space    used 1157K, capacity 1214K, committed 1280K, reserved 1048576K
}
Event: 1.129 GC heap before
{Heap before GC invocations=4 (full 0):
 PSYoungGen      total 18944K, used 18939K [0x00000000eb200000, 0x00000000ed700000, 0x0000000100000000)
  eden space 16384K, 100% used [0x00000000eb200000,0x00000000ec200000,0x00000000ec200000)
  from space 2560K, 99% used [0x00000000ec200000,0x00000000ec47eda0,0x00000000ec480000)
  to   space 2560K, 0% used [0x00000000ed480000,0x00000000ed480000,0x00000000ed700000)
 ParOldGen       total 44032K, used 3096K [0x00000000c1600000, 0x00000000c4100000, 0x00000000eb200000)
  object space 44032K, 7% used [0x00000000c1600000,0x00000000c1906108,0x00000000c4100000)
 Metaspace       used 11431K, capacity 11572K, committed 11776K, reserved 1058816K
  class space    used 1412K, capacity 1511K, committed 1536K, reserved 1048576K
Event: 1.134 GC heap after
Heap after GC invocations=4 (full 0):
 PSYoungGen      total 35328K, used 2544K [0x00000000eb200000, 0x00000000ed700000, 0x0000000100000000)
  eden space 32768K, 0% used [0x00000000eb200000,0x00000000eb200000,0x00000000ed200000)
  from space 2560K, 99% used [0x00000000ed480000,0x00000000ed6fc010,0x00000000ed700000)
  to   space 2560K, 0% used [0x00000000ed200000,0x00000000ed200000,0x00000000ed480000)
 ParOldGen       total 44032K, used 5093K [0x00000000c1600000, 0x00000000c4100000, 0x00000000eb200000)
  object space 44032K, 11% used [0x00000000c1600000,0x00000000c1af94d8,0x00000000c4100000)
 Metaspace       used 11431K, capacity 11572K, committed 11776K, reserved 1058816K
  class space    used 1412K, capacity 1511K, committed 1536K, reserved 1048576K
}
Event: 2.358 GC heap before
{Heap before GC invocations=5 (full 0):
 PSYoungGen      total 35328K, used 35312K [0x00000000eb200000, 0x00000000ed700000, 0x0000000100000000)
  eden space 32768K, 100% used [0x00000000eb200000,0x00000000ed200000,0x00000000ed200000)
  from space 2560K, 99% used [0x00000000ed480000,0x00000000ed6fc010,0x00000000ed700000)
  to   space 2560K, 0% used [0x00000000ed200000,0x00000000ed200000,0x00000000ed480000)
 ParOldGen       total 44032K, used 5093K [0x00000000c1600000, 0x00000000c4100000, 0x00000000eb200000)
  object space 44032K, 11% used [0x00000000c1600000,0x00000000c1af94d8,0x00000000c4100000)
 Metaspace       used 16786K, capacity 17040K, committed 17280K, reserved 1064960K
  class space    used 2028K, capacity 2107K, committed 2176K, reserved 1048576K
Event: 2.375 GC heap after
Heap after GC invocations=5 (full 0):
 PSYoungGen      total 35328K, used 2544K [0x00000000eb200000, 0x00000000f0100000, 0x0000000100000000)
  eden space 32768K, 0% used [0x00000000eb200000,0x00000000eb200000,0x00000000ed200000)
  from space 2560K, 99% used [0x00000000ed200000,0x00000000ed47c030,0x00000000ed480000)
  to   space 7680K, 0% used [0x00000000ef980000,0x00000000ef980000,0x00000000f0100000)
 ParOldGen       total 44032K, used 10340K [0x00000000c1600000, 0x00000000c4100000, 0x00000000eb200000)
  object space 44032K, 23% used [0x00000000c1600000,0x00000000c2019380,0x00000000c4100000)
 Metaspace       used 16786K, capacity 17040K, committed 17280K, reserved 1064960K
  class space    used 2028K, capacity 2107K, committed 2176K, reserved 1048576K
}
Event: 3.241 GC heap before
{Heap before GC invocations=6 (full 0):
 PSYoungGen      total 35328K, used 32165K [0x00000000eb200000, 0x00000000f0100000, 0x0000000100000000)
  eden space 32768K, 90% used [0x00000000eb200000,0x00000000eceed3e8,0x00000000ed200000)
  from space 2560K, 99% used [0x00000000ed200000,0x00000000ed47c030,0x00000000ed480000)
  to   space 7680K, 0% used [0x00000000ef980000,0x00000000ef980000,0x00000000f0100000)
 ParOldGen       total 44032K, used 10340K [0x00000000c1600000, 0x00000000c4100000, 0x00000000eb200000)
  object space 44032K, 23% used [0x00000000c1600000,0x00000000c2019380,0x00000000c4100000)
 Metaspace       used 20680K, capacity 21066K, committed 21248K, reserved 1067008K
  class space    used 2522K, capacity 2700K, committed 2816K, reserved 1048576K
Event: 3.259 GC heap after
Heap after GC invocations=6 (full 0):
 PSYoungGen      total 72192K, used 6621K [0x00000000eb200000, 0x00000000f0300000, 0x0000000100000000)
  eden space 64512K, 0% used [0x00000000eb200000,0x00000000eb200000,0x00000000ef100000)
  from space 7680K, 86% used [0x00000000ef980000,0x00000000efff75b8,0x00000000f0100000)
  to   space 8704K, 0% used [0x00000000ef100000,0x00000000ef100000,0x00000000ef980000)
 ParOldGen       total 44032K, used 10348K [0x00000000c1600000, 0x00000000c4100000, 0x00000000eb200000)
  object space 44032K, 23% used [0x00000000c1600000,0x00000000c201b380,0x00000000c4100000)
 Metaspace       used 20680K, capacity 21066K, committed 21248K, reserved 1067008K
  class space    used 2522K, capacity 2700K, committed 2816K, reserved 1048576K
}
Event: 3.259 GC heap before
{Heap before GC invocations=7 (full 1):
 PSYoungGen      total 72192K, used 6621K [0x00000000eb200000, 0x00000000f0300000, 0x0000000100000000)
  eden space 64512K, 0% used [0x00000000eb200000,0x00000000eb200000,0x00000000ef100000)
  from space 7680K, 86% used [0x00000000ef980000,0x00000000efff75b8,0x00000000f0100000)
  to   space 8704K, 0% used [0x00000000ef100000,0x00000000ef100000,0x00000000ef980000)
 ParOldGen       total 44032K, used 10348K [0x00000000c1600000, 0x00000000c4100000, 0x00000000eb200000)
  object space 44032K, 23% used [0x00000000c1600000,0x00000000c201b380,0x00000000c4100000)
 Metaspace       used 20680K, capacity 21066K, committed 21248K, reserved 1067008K
  class space    used 2522K, capacity 2700K, committed 2816K, reserved 1048576K

